<?xml version="1.0" encoding="UTF-8"?>
<!-- Generated by org.testng.reporters.JUnitReportReporter -->
<testsuite hostname="alibdear" failures="0" tests="3" name="automation.TestNGDemo" time="3.562" errors="0" timestamp="2022-08-31T09:47:56 EEST" skipped="1">
  <testcase classname="automation.TestNGDemo" name="openURL" time="3.561"/>
  <system-out/>
  <testcase classname="automation.TestNGDemo" name="GetAnyThing" time="0.001"/>
  <system-out/>
  <testcase classname="automation.TestNGDemo" name="userCanBuy">
    <skipped/>
  </testcase> <!-- userCanBuy -->
  <system-out/>
</testsuite> <!-- automation.TestNGDemo -->
