<?xml version="1.0" encoding="UTF-8"?>
<!-- Generated by org.testng.reporters.JUnitReportReporter -->
<testsuite hostname="alibdear" failures="0" tests="2" name="automation.TestNGDemo" time="0.015" errors="0" timestamp="2022-08-30T14:38:10 EEST" skipped="0">
  <testcase classname="automation.TestNGDemo" name="userCanBuy" time="0.009"/>
  <system-out/>
  <testcase classname="automation.TestNGDemo" name="userLogin" time="0.006"/>
  <system-out/>
</testsuite> <!-- automation.TestNGDemo -->
